<?xml version="1.0" encoding="UTF-8"?>
<!-- Generated by org.testng.reporters.JUnitXMLReporter -->
<testsuite hostname="AdminAs-MBP-4.fios-router.home" ignored="1" name="iPhone X iOS 12.2" tests="1" failures="0" timestamp="10 Nov 2019 19:54:25 GMT" time="203.909" errors="0">
  <testcase name="saveArticleToMyListAndDelete" time="65.863" classname="com.demo.ui.test.tests.MyListTests"/>
  <testcase name="findHowToUsePlatformVars" time="0.0" classname="com.demo.ui.test.tests.MyListTests">
    <ignored/>
  </testcase> <!-- findHowToUsePlatformVars -->
</testsuite> <!-- iPhone X iOS 12.2 -->
