<?xml version="1.0" encoding="UTF-8"?>
<!-- Generated by org.testng.reporters.JUnitXMLReporter -->
<testsuite hostname="AdminAs-MBP-4.fios-router.home" ignored="1" name="Mobile Web" tests="1" failures="0" timestamp="10 Nov 2019 19:55:16 GMT" time="51.845" errors="0">
  <testcase name="saveArticleToMyListAndDelete" time="48.327" classname="com.demo.ui.test.tests.MyListTests"/>
  <testcase name="findHowToUsePlatformVars" time="0.0" classname="com.demo.ui.test.tests.MyListTests">
    <ignored/>
  </testcase> <!-- findHowToUsePlatformVars -->
</testsuite> <!-- Mobile Web -->
